<?xml version="1.0" encoding="UTF-8"?>
<!-- Generated by org.testng.reporters.JUnitXMLReporter -->
<testsuite ignored="4" hostname="DESKTOP-1Q7D8OU" failures="0" tests="3" name="ContactDetails" time="86.356" errors="0" timestamp="2022-03-30T17:52:09 IST">
  <testcase classname="testClassPkg.TestMyInfoModule" name="loginToApplication" time="17.463"/>
  <testcase classname="testClassPkg.TestMyInfoModule" name="contactDetailsForm" time="32.328"/>
  <testcase classname="testClassPkg.TestMyInfoModule" name="contactDetailsForm" time="25.996"/>
  <testcase classname="testClassPkg.TestMyInfoModule" name="emergencyContactForm" time="0.0">
    <ignored/>
  </testcase> <!-- emergencyContactForm -->
  <testcase classname="testClassPkg.TestLoginPage" name="invalidLoginPage" time="0.0">
    <ignored/>
  </testcase> <!-- invalidLoginPage -->
  <testcase classname="testClassPkg.TestLoginPage" name="loginPage" time="0.0">
    <ignored/>
  </testcase> <!-- loginPage -->
  <testcase classname="testClassPkg.TestMyInfoModule" name="personalDetailsform" time="0.0">
    <ignored/>
  </testcase> <!-- personalDetailsform -->
</testsuite> <!-- ContactDetails -->
