<?xml version="1.0" encoding="UTF-8"?>
<!-- Generated by org.testng.reporters.JUnitXMLReporter -->
<testsuite ignored="13" hostname="DESKTOP-1Q7D8OU" failures="0" tests="1" name="EmergencyContact" time="29.19" errors="0" timestamp="2022-04-04T14:55:33 IST">
  <testcase classname="testClassPkg.TestMyInfoModule" name="loginToApplication" time="15.14"/>
  <testcase classname="testClassPkg.TestLoginPage" name="invalidLoginPage" time="0.0">
    <ignored/>
  </testcase> <!-- invalidLoginPage -->
  <testcase classname="testClassPkg.TestMyInfoModule" name="contactDetailsForm" time="0.0">
    <ignored/>
  </testcase> <!-- contactDetailsForm -->
  <testcase classname="testClassPkg.TestMyInfoModule" name="DependentForm" time="0.0">
    <ignored/>
  </testcase> <!-- DependentForm -->
  <testcase classname="testClassPkg.TestMyInfoModule" name="ImmigrationForm" time="0.0">
    <ignored/>
  </testcase> <!-- ImmigrationForm -->
  <testcase classname="testClassPkg.TestMyInfoModule" name="AddLanguage" time="0.0">
    <ignored/>
  </testcase> <!-- AddLanguage -->
  <testcase classname="testClassPkg.TestMyInfoModule" name="personalDetailsform" time="0.0">
    <ignored/>
  </testcase> <!-- personalDetailsform -->
  <testcase classname="testClassPkg.TestMyInfoModule" name="EmergencyContactForm" time="0.0">
    <ignored/>
  </testcase> <!-- EmergencyContactForm -->
  <testcase classname="testClassPkg.TestMyInfoModule" name="AddWorkExperienceForm" time="0.0">
    <ignored/>
  </testcase> <!-- AddWorkExperienceForm -->
  <testcase classname="testClassPkg.TestMyInfoModule" name="MembershipForm" time="0.0">
    <ignored/>
  </testcase> <!-- MembershipForm -->
  <testcase classname="testClassPkg.TestMyInfoModule" name="AddEducationForm" time="0.0">
    <ignored/>
  </testcase> <!-- AddEducationForm -->
  <testcase classname="testClassPkg.TestLoginPage" name="loginPage" time="0.0">
    <ignored/>
  </testcase> <!-- loginPage -->
  <testcase classname="testClassPkg.TestMyInfoModule" name="SocialMediaForm" time="0.0">
    <ignored/>
  </testcase> <!-- SocialMediaForm -->
  <testcase classname="testClassPkg.TestMyInfoModule" name="AddSkillsForm" time="0.0">
    <ignored/>
  </testcase> <!-- AddSkillsForm -->
</testsuite> <!-- EmergencyContact -->
