<?xml version="1.0" encoding="UTF-8"?>
<!-- Generated by org.testng.reporters.JUnitXMLReporter -->
<testsuite ignored="1" hostname="DESKTOP-1Q7D8OU" failures="0" tests="2" name="Login" time="48.232" errors="0" timestamp="2022-03-30T17:47:51 IST">
  <testcase classname="testClassPkg.TestLoginPage" name="loginPage" time="11.024"/>
  <testcase classname="testClassPkg.TestLoginPage" name="loginPage" time="9.428"/>
  <testcase classname="testClassPkg.TestLoginPage" name="invalidLoginPage" time="0.0">
    <ignored/>
  </testcase> <!-- invalidLoginPage -->
</testsuite> <!-- Login -->
