<?xml version="1.0" encoding="UTF-8"?>
<!-- Generated by org.testng.reporters.JUnitXMLReporter -->
<testsuite ignored="1" hostname="DESKTOP-1Q7D8OU" failures="0" tests="2" name="Login" time="83.608" errors="0" timestamp="2022-04-04T14:47:43 IST">
  <testcase classname="testClassPkg.TestLoginPage" name="loginPage" time="52.513"/>
  <testcase classname="testClassPkg.TestLoginPage" name="loginPage" time="15.403"/>
  <testcase classname="testClassPkg.TestLoginPage" name="invalidLoginPage" time="0.0">
    <ignored/>
  </testcase> <!-- invalidLoginPage -->
</testsuite> <!-- Login -->
