<?xml version="1.0" encoding="UTF-8"?>
<!-- Generated by org.testng.reporters.JUnitXMLReporter -->
<testsuite ignored="4" hostname="DESKTOP-1Q7D8OU" failures="0" tests="2" name="PersonalDetails" time="42.298" errors="0" timestamp="2022-03-30T17:50:43 IST">
  <testcase classname="testClassPkg.TestMyInfoModule" name="loginToApplication" time="11.866"/>
  <testcase classname="testClassPkg.TestMyInfoModule" name="personalDetailsform" time="20.67"/>
  <testcase classname="testClassPkg.TestMyInfoModule" name="emergencyContactForm" time="0.0">
    <ignored/>
  </testcase> <!-- emergencyContactForm -->
  <testcase classname="testClassPkg.TestLoginPage" name="invalidLoginPage" time="0.0">
    <ignored/>
  </testcase> <!-- invalidLoginPage -->
  <testcase classname="testClassPkg.TestMyInfoModule" name="contactDetailsForm" time="0.0">
    <ignored/>
  </testcase> <!-- contactDetailsForm -->
  <testcase classname="testClassPkg.TestLoginPage" name="loginPage" time="0.0">
    <ignored/>
  </testcase> <!-- loginPage -->
</testsuite> <!-- PersonalDetails -->
