<?xml version="1.0" encoding="UTF-8"?>
<!-- Generated by org.testng.reporters.JUnitXMLReporter -->
<testsuite ignored="0" hostname="DESKTOP-1Q7D8OU" failures="0" tests="5" name="valid and Invalid Credentials" time="129.266" errors="0" timestamp="2022-03-30T17:50:01 IST">
  <testcase classname="testClassPkg.TestLoginPage" name="loginPage" time="14.407"/>
  <testcase classname="testClassPkg.TestLoginPage" name="loginPage" time="9.718"/>
  <testcase classname="testClassPkg.TestLoginPage" name="invalidLoginPage" time="7.884"/>
  <testcase classname="testClassPkg.TestLoginPage" name="invalidLoginPage" time="37.658"/>
  <testcase classname="testClassPkg.TestLoginPage" name="invalidLoginPage" time="40.364"/>
</testsuite> <!-- valid and Invalid Credentials -->
