<?xml version="1.0" encoding="UTF-8"?>
<!-- Generated by org.testng.reporters.JUnitXMLReporter -->
<testsuite ignored="0" hostname="DESKTOP-1Q7D8OU" failures="0" tests="5" name="valid and Invalid Credentials" time="307.664" errors="0" timestamp="2022-04-04T14:52:51 IST">
  <testcase classname="testClassPkg.TestLoginPage" name="loginPage" time="145.22"/>
  <testcase classname="testClassPkg.TestLoginPage" name="loginPage" time="10.28"/>
  <testcase classname="testClassPkg.TestLoginPage" name="invalidLoginPage" time="36.7"/>
  <testcase classname="testClassPkg.TestLoginPage" name="invalidLoginPage" time="39.006"/>
  <testcase classname="testClassPkg.TestLoginPage" name="invalidLoginPage" time="42.174"/>
</testsuite> <!-- valid and Invalid Credentials -->
