<?xml version="1.0" encoding="UTF-8"?>
<testng-results ignored="6" total="9" passed="3" failed="0" skipped="0">
  <reporter-output>
  </reporter-output>
  <suite started-at="2022-04-01T15:57:16 IST" name="Default suite" finished-at="2022-04-01T15:58:01 IST" duration-ms="45026">
    <groups>
    </groups>
    <test started-at="2022-04-01T15:57:16 IST" name="Default test" finished-at="2022-04-01T15:58:01 IST" duration-ms="45026">
      <class name="testClassPkg.TestMyInfoModule">
        <test-method is-config="true" signature="LaunchBrowser()[pri:0, instance:testClassPkg.TestMyInfoModule@67d48005]" started-at="2022-04-01T15:57:16 IST" name="LaunchBrowser" finished-at="2022-04-01T15:57:24 IST" duration-ms="8650" status="PASS">
          <reporter-output>
          </reporter-output>
        </test-method> <!-- LaunchBrowser -->
        <test-method signature="loginToApplication(java.lang.String,java.lang.String,java.lang.String,java.lang.String,java.lang.String,java.lang.String,java.lang.String,java.lang.String)[pri:0, instance:testClassPkg.TestMyInfoModule@67d48005]" started-at="2022-04-01T15:57:26 IST" name="loginToApplication" data-provider="PersonalDetails" finished-at="2022-04-01T15:57:32 IST" duration-ms="5578" status="PASS">
          <params>
            <param index="0">
              <value>
                <![CDATA[george.tofari]]>
              </value>
            </param>
            <param index="1">
              <value>
                <![CDATA[Uy@1Ou4WbC]]>
              </value>
            </param>
            <param index="2">
              <value>
                <![CDATA[George]]>
              </value>
            </param>
            <param index="3">
              <value>
                <![CDATA[Tofari]]>
              </value>
            </param>
            <param index="4">
              <value>
                <![CDATA[Single]]>
              </value>
            </param>
            <param index="5">
              <value>
                <![CDATA[Male]]>
              </value>
            </param>
            <param index="6">
              <value>
                <![CDATA[Albanian]]>
              </value>
            </param>
            <param index="7">
              <value>
                <![CDATA[PN15453465468]]>
              </value>
            </param>
          </params>
          <reporter-output>
          </reporter-output>
        </test-method> <!-- loginToApplication -->
        <test-method signature="DependentForm(java.lang.String,java.lang.String,java.lang.String,java.lang.String,java.lang.String,java.lang.String)[pri:0, instance:testClassPkg.TestMyInfoModule@67d48005]" started-at="2022-04-01T15:57:33 IST" name="DependentForm" data-provider="Dependents" finished-at="2022-04-01T15:57:50 IST" depends-on-methods="testClassPkg.TestMyInfoModule.loginToApplication" duration-ms="17260" status="PASS">
          <params>
            <param index="0">
              <value>
                <![CDATA[george.tofari]]>
              </value>
            </param>
            <param index="1">
              <value>
                <![CDATA[Uy@1Ou4WbC]]>
              </value>
            </param>
            <param index="2">
              <value>
                <![CDATA[Cailey]]>
              </value>
            </param>
            <param index="3">
              <value>
                <![CDATA[Mon, 09 Oct 1995]]>
              </value>
            </param>
            <param index="4">
              <value>
                <![CDATA[Other]]>
              </value>
            </param>
            <param index="5">
              <value>
                <![CDATA[Cousin]]>
              </value>
            </param>
          </params>
          <reporter-output>
          </reporter-output>
        </test-method> <!-- DependentForm -->
        <test-method signature="DependentForm(java.lang.String,java.lang.String,java.lang.String,java.lang.String,java.lang.String,java.lang.String)[pri:0, instance:testClassPkg.TestMyInfoModule@67d48005]" started-at="2022-04-01T15:57:50 IST" name="DependentForm" data-provider="Dependents" finished-at="2022-04-01T15:58:00 IST" depends-on-methods="testClassPkg.TestMyInfoModule.loginToApplication" duration-ms="9774" status="PASS">
          <params>
            <param index="0">
              <value>
                <![CDATA[george.tofari]]>
              </value>
            </param>
            <param index="1">
              <value>
                <![CDATA[Uy@1Ou4WbC]]>
              </value>
            </param>
            <param index="2">
              <value>
                <![CDATA[Bradman]]>
              </value>
            </param>
            <param index="3">
              <value>
                <![CDATA[Sat, 10 Jun 2000]]>
              </value>
            </param>
            <param index="4">
              <value>
                <![CDATA[Other]]>
              </value>
            </param>
            <param index="5">
              <value>
                <![CDATA[Brother]]>
              </value>
            </param>
          </params>
          <reporter-output>
          </reporter-output>
        </test-method> <!-- DependentForm -->
        <test-method is-config="true" signature="CloseBrowser()[pri:0, instance:testClassPkg.TestMyInfoModule@67d48005]" started-at="2022-04-01T15:58:00 IST" name="CloseBrowser" finished-at="2022-04-01T15:58:01 IST" duration-ms="559" status="PASS">
          <reporter-output>
          </reporter-output>
        </test-method> <!-- CloseBrowser -->
      </class> <!-- testClassPkg.TestMyInfoModule -->
    </test> <!-- Default test -->
  </suite> <!-- Default suite -->
</testng-results>
